[0324/024300:ERROR:process_reader_win.cc(232)] ReadMemory at 0x7ff76217c000 of 852 bytes failed: Only part of a ReadProcessMemory or WriteProcessMemory request was completed. (0x12B)
[0324/024300:ERROR:process_snapshot_win.cc(271)] ReadMemory PEB
[0324/024300:ERROR:process_reader_win.cc(98)] process 14640 not found
[0324/024300:ERROR:process_reader_win.cc(232)] ReadMemory at 0x7ff762a20000 of 64 bytes failed: Only part of a ReadProcessMemory or WriteProcessMemory request was completed. (0x12B)
[0324/024300:WARNING:pe_image_reader.cc(280)] could not read dos header from C:\Program Files (x86)\Google\Chrome\Application\chrome.exe
[0324/024300:ERROR:process_reader_win.cc(232)] ReadMemory at 0x7ffdb86a0000 of 64 bytes failed: Only part of a ReadProcessMemory or WriteProcessMemory request was completed. (0x12B)
[0324/024300:WARNING:pe_image_reader.cc(280)] could not read dos header from C:\Windows\SYSTEM32\ntdll.dll
[0324/024300:ERROR:process_reader_win.cc(232)] ReadMemory at 0x7ffdb5b90000 of 64 bytes failed: Only part of a ReadProcessMemory or WriteProcessMemory request was completed. (0x12B)
[0324/024300:WARNING:pe_image_reader.cc(280)] could not read dos header from C:\Windows\system32\KERNELBASE.dll
[0324/024300:ERROR:process_reader_win.cc(232)] ReadMemory at 0x7ffdb7cd0000 of 64 bytes failed: Only part of a ReadProcessMemory or WriteProcessMemory request was completed. (0x12B)
[0324/024300:WARNING:pe_image_reader.cc(280)] could not read dos header from C:\Windows\system32\KERNEL32.DLL
[0324/024300:ERROR:process_reader_win.cc(232)] ReadMemory at 0x75650000 of 64 bytes failed: Only part of a ReadProcessMemory or WriteProcessMemory request was completed. (0x12B)
[0324/024300:WARNING:pe_image_reader.cc(280)] could not read dos header from C:\Windows\System32\SYSFER.DLL
[0324/024300:ERROR:process_reader_win.cc(232)] ReadMemory at 0x7ffdb62b0000 of 64 bytes failed: Only part of a ReadProcessMemory or WriteProcessMemory request was completed. (0x12B)
[0324/024300:WARNING:pe_image_reader.cc(280)] could not read dos header from C:\Windows\system32\psapi.dll
[0324/024300:ERROR:process_reader_win.cc(232)] ReadMemory at 0x7ffdb5d70000 of 64 bytes failed: Only part of a ReadProcessMemory or WriteProcessMemory request was completed. (0x12B)
[0324/024300:WARNING:pe_image_reader.cc(280)] could not read dos header from C:\Windows\system32\msvcrt.dll
[0324/024300:ERROR:process_reader_win.cc(232)] ReadMemory at 0x7ffdb8420000 of 64 bytes failed: Only part of a ReadProcessMemory or WriteProcessMemory request was completed. (0x12B)
[0324/024300:WARNING:pe_image_reader.cc(280)] could not read dos header from C:\Windows\system32\RPCRT4.dll
[0324/024300:ERROR:process_reader_win.cc(232)] ReadMemory at 0x7ffdb6090000 of 64 bytes failed: Only part of a ReadProcessMemory or WriteProcessMemory request was completed. (0x12B)
[0324/024300:WARNING:pe_image_reader.cc(280)] could not read dos header from C:\Windows\system32\sechost.dll
[0324/024300:ERROR:process_reader_win.cc(232)] ReadMemory at 0x7ffdb64d0000 of 64 bytes failed: Only part of a ReadProcessMemory or WriteProcessMemory request was completed. (0x12B)
[0324/024300:WARNING:pe_image_reader.cc(280)] could not read dos header from C:\Windows\system32\ADVAPI32.dll
[0324/024300:ERROR:process_reader_win.cc(232)] ReadMemory at 0x7ffd8a9a0000 of 64 bytes failed: Only part of a ReadProcessMemory or WriteProcessMemory request was completed. (0x12B)
[0324/024300:WARNING:pe_image_reader.cc(280)] could not read dos header from C:\Program Files (x86)\Google\Chrome\Application\49.0.2623.87\chrome_elf.dll
[0324/024300:ERROR:process_reader_win.cc(232)] ReadMemory at 0x7ffdb32f0000 of 64 bytes failed: Only part of a ReadProcessMemory or WriteProcessMemory request was completed. (0x12B)
[0324/024300:WARNING:pe_image_reader.cc(280)] could not read dos header from C:\Windows\SYSTEM32\WINHTTP.dll
[0324/024300:ERROR:process_reader_win.cc(232)] ReadMemory at 0x7ffdaa0c0000 of 64 bytes failed: Only part of a ReadProcessMemory or WriteProcessMemory request was completed. (0x12B)
[0324/024300:WARNING:pe_image_reader.cc(280)] could not read dos header from C:\Windows\SYSTEM32\VERSION.dll
[0324/024300:ERROR:process_reader_win.cc(232)] ReadMemory at 0x7ffdb5800000 of 64 bytes failed: Only part of a ReadProcessMemory or WriteProcessMemory request was completed. (0x12B)
[0324/024300:WARNING:pe_image_reader.cc(280)] could not read dos header from C:\Windows\system32\cfgmgr32.dll
[0324/024300:ERROR:process_reader_win.cc(232)] ReadMemory at 0x7ffdb3a40000 of 64 bytes failed: Only part of a ReadProcessMemory or WriteProcessMemory request was completed. (0x12B)
[0324/024300:WARNING:pe_image_reader.cc(280)] could not read dos header from C:\Windows\SYSTEM32\DEVOBJ.dll
[0324/024300:ERROR:process_reader_win.cc(232)] ReadMemory at 0x7ffdb2a80000 of 64 bytes failed: Only part of a ReadProcessMemory or WriteProcessMemory request was completed. (0x12B)
[0324/024300:WARNING:pe_image_reader.cc(280)] could not read dos header from C:\Windows\SYSTEM32\WINMMBASE.dll
[0324/024300:ERROR:process_reader_win.cc(232)] ReadMemory at 0x7ffdb6340000 of 64 bytes failed: Only part of a ReadProcessMemory or WriteProcessMemory request was completed. (0x12B)
[0324/024300:WARNING:pe_image_reader.cc(280)] could not read dos header from C:\Windows\system32\GDI32.dll
[0324/024300:ERROR:process_reader_win.cc(232)] ReadMemory at 0x7ffdb8550000 of 64 bytes failed: Only part of a ReadProcessMemory or WriteProcessMemory request was completed. (0x12B)
[0324/024300:WARNING:pe_image_reader.cc(280)] could not read dos header from C:\Windows\system32\USER32.dll
[0324/024300:ERROR:process_reader_win.cc(232)] ReadMemory at 0x7ffdb7b70000 of 64 bytes failed: Only part of a ReadProcessMemory or WriteProcessMemory request was completed. (0x12B)
[0324/024300:WARNING:pe_image_reader.cc(280)] could not read dos header from C:\Windows\system32\MSCTF.dll
[0324/024300:ERROR:process_reader_win.cc(232)] ReadMemory at 0x7ffdb61c0000 of 64 bytes failed: Only part of a ReadProcessMemory or WriteProcessMemory request was completed. (0x12B)
[0324/024300:WARNING:pe_image_reader.cc(280)] could not read dos header from C:\Windows\system32\IMM32.DLL
[0324/024300:ERROR:process_reader_win.cc(232)] ReadMemory at 0x7ffdb2ae0000 of 64 bytes failed: Only part of a ReadProcessMemory or WriteProcessMemory request was completed. (0x12B)
[0324/024300:WARNING:pe_image_reader.cc(280)] could not read dos header from C:\Windows\SYSTEM32\WINMM.dll
[0324/024300:ERROR:process_reader_win.cc(232)] ReadMemory at 0x7ffdb5120000 of 64 bytes failed: Only part of a ReadProcessMemory or WriteProcessMemory request was completed. (0x12B)
[0324/024300:WARNING:pe_image_reader.cc(280)] could not read dos header from C:\Windows\system32\profapi.dll
[0324/024300:ERROR:process_reader_win.cc(232)] ReadMemory at 0x7ffdb47d0000 of 64 bytes failed: Only part of a ReadProcessMemory or WriteProcessMemory request was completed. (0x12B)
[0324/024300:WARNING:pe_image_reader.cc(280)] could not read dos header from C:\Windows\SYSTEM32\USERENV.dll
[0324/024300:ERROR:process_reader_win.cc(232)] ReadMemory at 0x7ffdb3940000 of 64 bytes failed: Only part of a ReadProcessMemory or WriteProcessMemory request was completed. (0x12B)
[0324/024300:WARNING:pe_image_reader.cc(280)] could not read dos header from C:\Windows\SYSTEM32\WTSAPI32.dll
[0324/024300:ERROR:process_reader_win.cc(232)] ReadMemory at 0x7ffdb4f20000 of 64 bytes failed: Only part of a ReadProcessMemory or WriteProcessMemory request was completed. (0x12B)
[0324/024300:WARNING:pe_image_reader.cc(280)] could not read dos header from C:\Windows\SYSTEM32\bcryptPrimitives.dll
[0324/024300:ERROR:process_reader_win.cc(232)] ReadMemory at 0x7ffdb4af0000 of 64 bytes failed: Only part of a ReadProcessMemory or WriteProcessMemory request was completed. (0x12B)
[0324/024300:WARNING:pe_image_reader.cc(280)] could not read dos header from C:\Windows\SYSTEM32\CRYPTBASE.DLL
[0324/024300:ERROR:process_reader_win.cc(232)] ReadMemory at 0x7ffdb5e10000 of 64 bytes failed: Only part of a ReadProcessMemory or WriteProcessMemory request was completed. (0x12B)
[0324/024300:WARNING:pe_image_reader.cc(280)] could not read dos header from C:\Windows\system32\combase.dll
[0324/024300:ERROR:process_reader_win.cc(232)] ReadMemory at 0x7ffdb83b0000 of 64 bytes failed: Only part of a ReadProcessMemory or WriteProcessMemory request was completed. (0x12B)
[0324/024300:WARNING:pe_image_reader.cc(280)] could not read dos header from C:\Windows\system32\shlwapi.dll
[0324/024300:ERROR:process_reader_win.cc(232)] ReadMemory at 0x7ffdb5140000 of 64 bytes failed: Only part of a ReadProcessMemory or WriteProcessMemory request was completed. (0x12B)
[0324/024300:WARNING:pe_image_reader.cc(280)] could not read dos header from C:\Windows\system32\kernel.appcore.dll
[0324/024300:ERROR:process_reader_win.cc(232)] ReadMemory at 0x7ffdb5a20000 of 64 bytes failed: Only part of a ReadProcessMemory or WriteProcessMemory request was completed. (0x12B)
[0324/024300:WARNING:pe_image_reader.cc(280)] could not read dos header from C:\Windows\system32\shcore.dll
[0324/024300:ERROR:process_reader_win.cc(232)] ReadMemory at 0x7ffdb50d0000 of 64 bytes failed: Only part of a ReadProcessMemory or WriteProcessMemory request was completed. (0x12B)
[0324/024300:WARNING:pe_image_reader.cc(280)] could not read dos header from C:\Windows\system32\powrprof.dll
[0324/024300:ERROR:process_reader_win.cc(232)] ReadMemory at 0x7ffdb51d0000 of 64 bytes failed: Only part of a ReadProcessMemory or WriteProcessMemory request was completed. (0x12B)
[0324/024300:WARNING:pe_image_reader.cc(280)] could not read dos header from C:\Windows\system32\windows.storage.dll
[0324/024300:ERROR:process_reader_win.cc(232)] ReadMemory at 0x7ffdb6580000 of 64 bytes failed: Only part of a ReadProcessMemory or WriteProcessMemory request was completed. (0x12B)
[0324/024300:WARNING:pe_image_reader.cc(280)] could not read dos header from C:\Windows\system32\SHELL32.dll
[0324/024300:ERROR:process_reader_win.cc(232)] ReadMemory at 0x7ffdb4c10000 of 64 bytes failed: Only part of a ReadProcessMemory or WriteProcessMemory request was completed. (0x12B)
[0324/024300:WARNING:pe_image_reader.cc(280)] could not read dos header from C:\Windows\SYSTEM32\bcrypt.dll
[0324/024300:ERROR:process_reader_win.cc(232)] ReadMemory at 0x7ffdacb80000 of 64 bytes failed: Only part of a ReadProcessMemory or WriteProcessMemory request was completed. (0x12B)
[0324/024300:WARNING:pe_image_reader.cc(280)] could not read dos header from C:\Windows\SYSTEM32\WINSPOOL.DRV
[0324/024300:ERROR:process_reader_win.cc(232)] ReadMemory at 0x7ffdab560000 of 64 bytes failed: Only part of a ReadProcessMemory or WriteProcessMemory request was completed. (0x12B)
[0324/024300:WARNING:pe_image_reader.cc(280)] could not read dos header from C:\Windows\WinSxS\amd64_microsoft.windows.common-controls_6595b64144ccf1df_6.0.10240.16384_none_f41f7b285750ef43\COMCTL32.dll
[0324/024300:ERROR:process_reader_win.cc(232)] ReadMemory at 0x7ffdb7d80000 of 64 bytes failed: Only part of a ReadProcessMemory or WriteProcessMemory request was completed. (0x12B)
[0324/024300:WARNING:pe_image_reader.cc(280)] could not read dos header from C:\Windows\system32\COMDLG32.dll
[0324/024300:ERROR:process_reader_win.cc(232)] ReadMemory at 0x7ffdb7e60000 of 64 bytes failed: Only part of a ReadProcessMemory or WriteProcessMemory request was completed. (0x12B)
[0324/024300:WARNING:pe_image_reader.cc(280)] could not read dos header from C:\Windows\system32\ole32.dll
[0324/024300:ERROR:process_reader_win.cc(232)] ReadMemory at 0x7ffdb7ab0000 of 64 bytes failed: Only part of a ReadProcessMemory or WriteProcessMemory request was completed. (0x12B)
[0324/024300:WARNING:pe_image_reader.cc(280)] could not read dos header from C:\Windows\system32\OLEAUT32.dll
[0324/024300:ERROR:process_reader_win.cc(232)] ReadMemory at 0x7ffdb8410000 of 64 bytes failed: Only part of a ReadProcessMemory or WriteProcessMemory request was completed. (0x12B)
[0324/024300:WARNING:pe_image_reader.cc(280)] could not read dos header from C:\Windows\system32\NSI.dll
[0324/024300:ERROR:process_reader_win.cc(232)] ReadMemory at 0x7ffdb2840000 of 64 bytes failed: Only part of a ReadProcessMemory or WriteProcessMemory request was completed. (0x12B)
[0324/024300:WARNING:pe_image_reader.cc(280)] could not read dos header from C:\Windows\SYSTEM32\WINNSI.DLL
[0324/024300:ERROR:process_reader_win.cc(232)] ReadMemory at 0x7ffdaf630000 of 64 bytes failed: Only part of a ReadProcessMemory or WriteProcessMemory request was completed. (0x12B)
[0324/024300:WARNING:pe_image_reader.cc(280)] could not read dos header from C:\Windows\SYSTEM32\IPHLPAPI.DLL
[0324/024300:ERROR:process_reader_win.cc(232)] ReadMemory at 0x7ffdb7fb0000 of 64 bytes failed: Only part of a ReadProcessMemory or WriteProcessMemory request was completed. (0x12B)
[0324/024300:WARNING:pe_image_reader.cc(280)] could not read dos header from C:\Windows\system32\WS2_32.dll
[0324/024300:ERROR:process_reader_win.cc(232)] ReadMemory at 0x7ffda7020000 of 64 bytes failed: Only part of a ReadProcessMemory or WriteProcessMemory request was completed. (0x12B)
[0324/024300:WARNING:pe_image_reader.cc(280)] could not read dos header from C:\Windows\SYSTEM32\USP10.dll
[0324/024300:ERROR:process_reader_win.cc(232)] ReadMemory at 0x7ffdb5150000 of 64 bytes failed: Only part of a ReadProcessMemory or WriteProcessMemory request was completed. (0x12B)
[0324/024300:WARNING:pe_image_reader.cc(280)] could not read dos header from C:\Windows\system32\MSASN1.dll
[0324/024300:ERROR:process_reader_win.cc(232)] ReadMemory at 0x7ffdb5850000 of 64 bytes failed: Only part of a ReadProcessMemory or WriteProcessMemory request was completed. (0x12B)
[0324/024300:WARNING:pe_image_reader.cc(280)] could not read dos header from C:\Windows\system32\CRYPT32.dll
[0324/024300:ERROR:process_reader_win.cc(232)] ReadMemory at 0x7ffdb5170000 of 64 bytes failed: Only part of a ReadProcessMemory or WriteProcessMemory request was completed. (0x12B)
[0324/024300:WARNING:pe_image_reader.cc(280)] could not read dos header from C:\Windows\system32\WINTRUST.dll
[0324/024300:ERROR:process_reader_win.cc(232)] ReadMemory at 0x7ffdad5f0000 of 64 bytes failed: Only part of a ReadProcessMemory or WriteProcessMemory request was completed. (0x12B)
[0324/024300:WARNING:pe_image_reader.cc(280)] could not read dos header from C:\Windows\SYSTEM32\Secur32.dll
[0324/024300:ERROR:process_reader_win.cc(232)] ReadMemory at 0x7ffdb4d20000 of 64 bytes failed: Only part of a ReadProcessMemory or WriteProcessMemory request was completed. (0x12B)
[0324/024300:WARNING:pe_image_reader.cc(280)] could not read dos header from C:\Windows\SYSTEM32\SSPICLI.DLL
[0324/024300:ERROR:process_reader_win.cc(232)] ReadMemory at 0x7ffd7b1a0000 of 64 bytes failed: Only part of a ReadProcessMemory or WriteProcessMemory request was completed. (0x12B)
[0324/024300:WARNING:pe_image_reader.cc(280)] could not read dos header from C:\Program Files (x86)\Google\Chrome\Application\49.0.2623.87\chrome_child.dll
[0324/024300:ERROR:process_reader_win.cc(232)] ReadMemory at 0x7ffda88d0000 of 64 bytes failed: Only part of a ReadProcessMemory or WriteProcessMemory request was completed. (0x12B)
[0324/024300:WARNING:pe_image_reader.cc(280)] could not read dos header from C:\Windows\SYSTEM32\dwrite.dll
[0324/024300:ERROR:process_reader_win.cc(232)] ReadMemory at 0x7ff762ae6a78 of 12 bytes failed: Only part of a ReadProcessMemory or WriteProcessMemory request was completed. (0x12B)
[0324/024300:WARNING:process_snapshot_win.cc(89)] ReadMemory ExceptionInformation failed
[0324/024300:WARNING:crash_report_exception_handler.cc(60)] ProcessSnapshotWin::InitializeException failed
[0324/024300:ERROR:scoped_process_suspend.cc(38)] NtResumeProcess, ntstatus=-1073741558
